


ARM Macro Assembler    Page 1 


    1 00000000         ; Copyright (c) 2009-2020 ARM Limited. All rights reserv
                       ed.
    2 00000000         ; 
    3 00000000         ;     SPDX-License-Identifier: Apache-2.0
    4 00000000         ; 
    5 00000000         ; Licensed under the Apache License, Version 2.0 (the Li
                       cense); you may
    6 00000000         ; not use this file except in compliance with the Licens
                       e.
    7 00000000         ; You may obtain a copy of the License at
    8 00000000         ; 
    9 00000000         ;     www.apache.org/licenses/LICENSE-2.0
   10 00000000         ; 
   11 00000000         ; Unless required by applicable law or agreed to in writ
                       ing, software
   12 00000000         ; distributed under the License is distributed on an AS 
                       IS BASIS, WITHOUT
   13 00000000         ; WARRANTIES OR CONDITIONS OF ANY KIND, either express o
                       r implied.
   14 00000000         ; See the License for the specific language governing pe
                       rmissions and
   15 00000000         ; limitations under the License.
   16 00000000         ; 
   17 00000000         ; NOTICE: This file has been modified by Nordic Semicond
                       uctor ASA.
   18 00000000         
   19 00000000                 IF               :DEF: __STARTUP_CONFIG
   26                          ENDIF
   27 00000000         
   28 00000000                 IF               :DEF: __STARTUP_CONFIG
                               ELIF             :DEF: __STACK_SIZE
   31 00000000 00002000 
                       Stack_Size
                               EQU              __STACK_SIZE
   32 00000000                 ELSE
   34                          ENDIF
   35 00000000         
   36 00000000                 IF               :DEF: __STARTUP_CONFIG
   39 00000000 00000003 
                       Stack_Align
                               EQU              3
   40 00000000                 ENDIF
   41 00000000         
   42 00000000                 AREA             STACK, NOINIT, READWRITE, ALIGN
=Stack_Align
   43 00000000         Stack_Mem
                               SPACE            Stack_Size
   44 00002000         __initial_sp
   45 00002000         
   46 00002000                 IF               :DEF: __STARTUP_CONFIG
                               ELIF             :DEF: __HEAP_SIZE
   49 00002000 00002000 
                       Heap_Size
                               EQU              __HEAP_SIZE
   50 00002000                 ELSE
   52                          ENDIF
   53 00002000         
   54 00002000                 AREA             HEAP, NOINIT, READWRITE, ALIGN=
3



ARM Macro Assembler    Page 2 


   55 00000000         __heap_base
   56 00000000         Heap_Mem
                               SPACE            Heap_Size
   57 00002000         __heap_limit
   58 00002000         
   59 00002000                 PRESERVE8
   60 00002000                 THUMB
   61 00002000         
   62 00002000         ; Vector Table Mapped to Address 0 at Reset
   63 00002000         
   64 00002000                 AREA             RESET, DATA, READONLY
   65 00000000                 EXPORT           __Vectors
   66 00000000                 EXPORT           __Vectors_End
   67 00000000                 EXPORT           __Vectors_Size
   68 00000000         
   69 00000000 00000000 
                       __Vectors
                               DCD              __initial_sp ; Top of Stack
   70 00000004 00000000        DCD              Reset_Handler
   71 00000008 00000000        DCD              NMI_Handler
   72 0000000C 00000000        DCD              HardFault_Handler
   73 00000010 00000000        DCD              MemoryManagement_Handler
   74 00000014 00000000        DCD              BusFault_Handler
   75 00000018 00000000        DCD              UsageFault_Handler
   76 0000001C 00000000        DCD              0           ; Reserved
   77 00000020 00000000        DCD              0           ; Reserved
   78 00000024 00000000        DCD              0           ; Reserved
   79 00000028 00000000        DCD              0           ; Reserved
   80 0000002C 00000000        DCD              SVC_Handler
   81 00000030 00000000        DCD              DebugMon_Handler
   82 00000034 00000000        DCD              0           ; Reserved
   83 00000038 00000000        DCD              PendSV_Handler
   84 0000003C 00000000        DCD              SysTick_Handler
   85 00000040         
   86 00000040         ; External Interrupts
   87 00000040 00000000        DCD              POWER_CLOCK_IRQHandler
   88 00000044 00000000        DCD              RADIO_IRQHandler
   89 00000048 00000000        DCD              UARTE0_UART0_IRQHandler
   90 0000004C 00000000        DCD              TWIM0_TWIS0_TWI0_IRQHandler
   91 00000050 00000000        DCD              SPIM0_SPIS0_SPI0_IRQHandler
   92 00000054 00000000        DCD              0           ; Reserved
   93 00000058 00000000        DCD              GPIOTE_IRQHandler
   94 0000005C 00000000        DCD              SAADC_IRQHandler
   95 00000060 00000000        DCD              TIMER0_IRQHandler
   96 00000064 00000000        DCD              TIMER1_IRQHandler
   97 00000068 00000000        DCD              TIMER2_IRQHandler
   98 0000006C 00000000        DCD              RTC0_IRQHandler
   99 00000070 00000000        DCD              TEMP_IRQHandler
  100 00000074 00000000        DCD              RNG_IRQHandler
  101 00000078 00000000        DCD              ECB_IRQHandler
  102 0000007C 00000000        DCD              CCM_AAR_IRQHandler
  103 00000080 00000000        DCD              WDT_IRQHandler
  104 00000084 00000000        DCD              RTC1_IRQHandler
  105 00000088 00000000        DCD              QDEC_IRQHandler
  106 0000008C 00000000        DCD              COMP_IRQHandler
  107 00000090 00000000        DCD              SWI0_EGU0_IRQHandler
  108 00000094 00000000        DCD              SWI1_EGU1_IRQHandler
  109 00000098 00000000        DCD              SWI2_IRQHandler
  110 0000009C 00000000        DCD              SWI3_IRQHandler



ARM Macro Assembler    Page 3 


  111 000000A0 00000000        DCD              SWI4_IRQHandler
  112 000000A4 00000000        DCD              SWI5_IRQHandler
  113 000000A8 00000000        DCD              0           ; Reserved
  114 000000AC 00000000        DCD              0           ; Reserved
  115 000000B0 00000000        DCD              PWM0_IRQHandler
  116 000000B4 00000000        DCD              PDM_IRQHandler
  117 000000B8 00000000        DCD              0           ; Reserved
  118 000000BC 00000000        DCD              0           ; Reserved
  119 000000C0 00000000        DCD              0           ; Reserved
  120 000000C4 00000000        DCD              0           ; Reserved
  121 000000C8 00000000        DCD              0           ; Reserved
  122 000000CC 00000000        DCD              0           ; Reserved
  123 000000D0 00000000        DCD              0           ; Reserved
  124 000000D4 00000000        DCD              0           ; Reserved
  125 000000D8 00000000        DCD              0           ; Reserved
  126 000000DC 00000000        DCD              0           ; Reserved
  127 000000E0 00000000        DCD              0           ; Reserved
  128 000000E4 00000000        DCD              0           ; Reserved
  129 000000E8 00000000        DCD              0           ; Reserved
  130 000000EC 00000000        DCD              0           ; Reserved
  131 000000F0 00000000        DCD              0           ; Reserved
  132 000000F4 00000000        DCD              0           ; Reserved
  133 000000F8 00000000        DCD              0           ; Reserved
  134 000000FC 00000000        DCD              0           ; Reserved
  135 00000100 00000000        DCD              0           ; Reserved
  136 00000104 00000000        DCD              0           ; Reserved
  137 00000108 00000000        DCD              0           ; Reserved
  138 0000010C 00000000        DCD              0           ; Reserved
  139 00000110 00000000        DCD              0           ; Reserved
  140 00000114 00000000        DCD              0           ; Reserved
  141 00000118 00000000        DCD              0           ; Reserved
  142 0000011C 00000000        DCD              0           ; Reserved
  143 00000120 00000000        DCD              0           ; Reserved
  144 00000124 00000000        DCD              0           ; Reserved
  145 00000128 00000000        DCD              0           ; Reserved
  146 0000012C 00000000        DCD              0           ; Reserved
  147 00000130 00000000        DCD              0           ; Reserved
  148 00000134 00000000        DCD              0           ; Reserved
  149 00000138 00000000        DCD              0           ; Reserved
  150 0000013C 00000000        DCD              0           ; Reserved
  151 00000140 00000000        DCD              0           ; Reserved
  152 00000144 00000000        DCD              0           ; Reserved
  153 00000148 00000000        DCD              0           ; Reserved
  154 0000014C 00000000        DCD              0           ; Reserved
  155 00000150 00000000        DCD              0           ; Reserved
  156 00000154 00000000        DCD              0           ; Reserved
  157 00000158 00000000        DCD              0           ; Reserved
  158 0000015C 00000000        DCD              0           ; Reserved
  159 00000160 00000000        DCD              0           ; Reserved
  160 00000164 00000000        DCD              0           ; Reserved
  161 00000168 00000000        DCD              0           ; Reserved
  162 0000016C 00000000        DCD              0           ; Reserved
  163 00000170 00000000        DCD              0           ; Reserved
  164 00000174 00000000        DCD              0           ; Reserved
  165 00000178 00000000        DCD              0           ; Reserved
  166 0000017C 00000000        DCD              0           ; Reserved
  167 00000180 00000000        DCD              0           ; Reserved
  168 00000184 00000000        DCD              0           ; Reserved
  169 00000188 00000000        DCD              0           ; Reserved



ARM Macro Assembler    Page 4 


  170 0000018C 00000000        DCD              0           ; Reserved
  171 00000190 00000000        DCD              0           ; Reserved
  172 00000194 00000000        DCD              0           ; Reserved
  173 00000198 00000000        DCD              0           ; Reserved
  174 0000019C 00000000        DCD              0           ; Reserved
  175 000001A0 00000000        DCD              0           ; Reserved
  176 000001A4 00000000        DCD              0           ; Reserved
  177 000001A8 00000000        DCD              0           ; Reserved
  178 000001AC 00000000        DCD              0           ; Reserved
  179 000001B0 00000000        DCD              0           ; Reserved
  180 000001B4 00000000        DCD              0           ; Reserved
  181 000001B8 00000000        DCD              0           ; Reserved
  182 000001BC 00000000        DCD              0           ; Reserved
  183 000001C0 00000000        DCD              0           ; Reserved
  184 000001C4 00000000        DCD              0           ; Reserved
  185 000001C8 00000000        DCD              0           ; Reserved
  186 000001CC 00000000        DCD              0           ; Reserved
  187 000001D0 00000000        DCD              0           ; Reserved
  188 000001D4 00000000        DCD              0           ; Reserved
  189 000001D8 00000000        DCD              0           ; Reserved
  190 000001DC 00000000        DCD              0           ; Reserved
  191 000001E0 00000000        DCD              0           ; Reserved
  192 000001E4 00000000        DCD              0           ; Reserved
  193 000001E8 00000000        DCD              0           ; Reserved
  194 000001EC 00000000        DCD              0           ; Reserved
  195 000001F0 00000000        DCD              0           ; Reserved
  196 000001F4 00000000        DCD              0           ; Reserved
  197 000001F8 00000000        DCD              0           ; Reserved
  198 000001FC 00000000        DCD              0           ; Reserved
  199 00000200         
  200 00000200         __Vectors_End
  201 00000200         
  202 00000200 00000200 
                       __Vectors_Size
                               EQU              __Vectors_End - __Vectors
  203 00000200         
  204 00000200                 AREA             |.text|, CODE, READONLY
  205 00000000         
  206 00000000         ; Reset Handler
  207 00000000         
  208 00000000         
  209 00000000         Reset_Handler
                               PROC
  210 00000000                 EXPORT           Reset_Handler             [WEAK
]
  211 00000000                 IMPORT           SystemInit
  212 00000000                 IMPORT           __main
  213 00000000         
  214 00000000         ; Workaround for Errata 185 RAM: RAM corruption at extre
                       me corners 
  215 00000000         ; found at the Errata document for your device located
  216 00000000         ; at https://infocenter.nordicsemi.com/index.jsp 
  217 00000000         
  218 00000000 480F            LDR              R0, =0x10000130
  219 00000002 6800            LDR              R0, [R0]
  220 00000004 490F            LDR              R1, =0x10000134
  221 00000006 6809            LDR              R1, [R1]
  222 00000008         
  223 00000008 280A            CMP              R0, #0xA



ARM Macro Assembler    Page 5 


  224 0000000A D10A            BNE              skip
  225 0000000C 2900            CMP              R1, #0x0
  226 0000000E D108            BNE              skip
  227 00000010         
  228 00000010 480D            LDR              R0, =0x40000EE4
  229 00000012 6802            LDR              R2, [R0]
  230 00000014 F06F 0370       LDR              R3, =0xFFFFFF8F
  231 00000018 401A            ANDS             R2, R2, R3
  232 0000001A F04F 0340       LDR              R3, =0x00000040
  233 0000001E 431A            ORRS             R2, R2, R3
  234 00000020 6002            STR              R2, [R0]
  235 00000022         
  236 00000022         skip
  237 00000022         
  238 00000022 480A            LDR              R0, =SystemInit
  239 00000024 4780            BLX              R0
  240 00000026 480A            LDR              R0, =__main
  241 00000028 4700            BX               R0
  242 0000002A                 ENDP
  243 0000002A         
  244 0000002A         ; Dummy Exception Handlers (infinite loops which can be 
                       modified)
  245 0000002A         
  246 0000002A         NMI_Handler
                               PROC
  247 0000002A                 EXPORT           NMI_Handler               [WEAK
]
  248 0000002A E7FE            B                .
  249 0000002C                 ENDP
  251 0000002C         HardFault_Handler
                               PROC
  252 0000002C                 EXPORT           HardFault_Handler         [WEAK
]
  253 0000002C E7FE            B                .
  254 0000002E                 ENDP
  256 0000002E         MemoryManagement_Handler
                               PROC
  257 0000002E                 EXPORT           MemoryManagement_Handler  [WEAK
]
  258 0000002E E7FE            B                .
  259 00000030                 ENDP
  261 00000030         BusFault_Handler
                               PROC
  262 00000030                 EXPORT           BusFault_Handler          [WEAK
]
  263 00000030 E7FE            B                .
  264 00000032                 ENDP
  266 00000032         UsageFault_Handler
                               PROC
  267 00000032                 EXPORT           UsageFault_Handler        [WEAK
]
  268 00000032 E7FE            B                .
  269 00000034                 ENDP
  270 00000034         SVC_Handler
                               PROC
  271 00000034                 EXPORT           SVC_Handler               [WEAK
]
  272 00000034 E7FE            B                .
  273 00000036                 ENDP



ARM Macro Assembler    Page 6 


  275 00000036         DebugMon_Handler
                               PROC
  276 00000036                 EXPORT           DebugMon_Handler          [WEAK
]
  277 00000036 E7FE            B                .
  278 00000038                 ENDP
  279 00000038         PendSV_Handler
                               PROC
  280 00000038                 EXPORT           PendSV_Handler            [WEAK
]
  281 00000038 E7FE            B                .
  282 0000003A                 ENDP
  283 0000003A         SysTick_Handler
                               PROC
  284 0000003A                 EXPORT           SysTick_Handler           [WEAK
]
  285 0000003A E7FE            B                .
  286 0000003C                 ENDP
  287 0000003C         
  288 0000003C         Default_Handler
                               PROC
  289 0000003C         
  290 0000003C                 EXPORT           POWER_CLOCK_IRQHandler [WEAK]
  291 0000003C                 EXPORT           RADIO_IRQHandler [WEAK]
  292 0000003C                 EXPORT           UARTE0_UART0_IRQHandler [WEAK]
  293 0000003C                 EXPORT           TWIM0_TWIS0_TWI0_IRQHandler [WE
AK]
  294 0000003C                 EXPORT           SPIM0_SPIS0_SPI0_IRQHandler [WE
AK]
  295 0000003C                 EXPORT           GPIOTE_IRQHandler [WEAK]
  296 0000003C                 EXPORT           SAADC_IRQHandler [WEAK]
  297 0000003C                 EXPORT           TIMER0_IRQHandler [WEAK]
  298 0000003C                 EXPORT           TIMER1_IRQHandler [WEAK]
  299 0000003C                 EXPORT           TIMER2_IRQHandler [WEAK]
  300 0000003C                 EXPORT           RTC0_IRQHandler [WEAK]
  301 0000003C                 EXPORT           TEMP_IRQHandler [WEAK]
  302 0000003C                 EXPORT           RNG_IRQHandler [WEAK]
  303 0000003C                 EXPORT           ECB_IRQHandler [WEAK]
  304 0000003C                 EXPORT           CCM_AAR_IRQHandler [WEAK]
  305 0000003C                 EXPORT           WDT_IRQHandler [WEAK]
  306 0000003C                 EXPORT           RTC1_IRQHandler [WEAK]
  307 0000003C                 EXPORT           QDEC_IRQHandler [WEAK]
  308 0000003C                 EXPORT           COMP_IRQHandler [WEAK]
  309 0000003C                 EXPORT           SWI0_EGU0_IRQHandler [WEAK]
  310 0000003C                 EXPORT           SWI1_EGU1_IRQHandler [WEAK]
  311 0000003C                 EXPORT           SWI2_IRQHandler [WEAK]
  312 0000003C                 EXPORT           SWI3_IRQHandler [WEAK]
  313 0000003C                 EXPORT           SWI4_IRQHandler [WEAK]
  314 0000003C                 EXPORT           SWI5_IRQHandler [WEAK]
  315 0000003C                 EXPORT           PWM0_IRQHandler [WEAK]
  316 0000003C                 EXPORT           PDM_IRQHandler [WEAK]
  317 0000003C         POWER_CLOCK_IRQHandler
  318 0000003C         RADIO_IRQHandler
  319 0000003C         UARTE0_UART0_IRQHandler
  320 0000003C         TWIM0_TWIS0_TWI0_IRQHandler
  321 0000003C         SPIM0_SPIS0_SPI0_IRQHandler
  322 0000003C         GPIOTE_IRQHandler
  323 0000003C         SAADC_IRQHandler
  324 0000003C         TIMER0_IRQHandler



ARM Macro Assembler    Page 7 


  325 0000003C         TIMER1_IRQHandler
  326 0000003C         TIMER2_IRQHandler
  327 0000003C         RTC0_IRQHandler
  328 0000003C         TEMP_IRQHandler
  329 0000003C         RNG_IRQHandler
  330 0000003C         ECB_IRQHandler
  331 0000003C         CCM_AAR_IRQHandler
  332 0000003C         WDT_IRQHandler
  333 0000003C         RTC1_IRQHandler
  334 0000003C         QDEC_IRQHandler
  335 0000003C         COMP_IRQHandler
  336 0000003C         SWI0_EGU0_IRQHandler
  337 0000003C         SWI1_EGU1_IRQHandler
  338 0000003C         SWI2_IRQHandler
  339 0000003C         SWI3_IRQHandler
  340 0000003C         SWI4_IRQHandler
  341 0000003C         SWI5_IRQHandler
  342 0000003C         PWM0_IRQHandler
  343 0000003C         PDM_IRQHandler
  344 0000003C E7FE            B                .
  345 0000003E                 ENDP
  346 0000003E 00 00           ALIGN
  347 00000040         
  348 00000040         ; User Initial Stack & Heap
  349 00000040         
  350 00000040                 IF               :DEF:__MICROLIB
  351 00000040         
  352 00000040                 EXPORT           __initial_sp
  353 00000040                 EXPORT           __heap_base
  354 00000040                 EXPORT           __heap_limit
  355 00000040         
  356 00000040                 ELSE
  372                          ENDIF
  373 00000040         
  374 00000040                 END
              10000130 
              10000134 
              40000EE4 
              00000000 
              00000000 
Command Line: --debug --xref --diag_suppress=9931 --cpu=Cortex-M4 --apcs=interw
ork --depend=.\_build\arm_startup_nrf52810.d -o.\_build\arm_startup_nrf52810.o 
-I..\..\..\config -I..\..\..\..\..\..\components -I..\..\..\..\..\..\components
\ble\ble_advertising -I..\..\..\..\..\..\components\ble\ble_dtm -I..\..\..\..\.
.\..\components\ble\ble_link_ctx_manager -I..\..\..\..\..\..\components\ble\ble
_racp -I..\..\..\..\..\..\components\ble\ble_services\ble_ancs_c -I..\..\..\..\
..\..\components\ble\ble_services\ble_ans_c -I..\..\..\..\..\..\components\ble\
ble_services\ble_bas -I..\..\..\..\..\..\components\ble\ble_services\ble_bas_c 
-I..\..\..\..\..\..\components\ble\ble_services\ble_cscs -I..\..\..\..\..\..\co
mponents\ble\ble_services\ble_cts_c -I..\..\..\..\..\..\components\ble\ble_serv
ices\ble_dfu -I..\..\..\..\..\..\components\ble\ble_services\ble_dis -I..\..\..
\..\..\..\components\ble\ble_services\ble_gls -I..\..\..\..\..\..\components\bl
e\ble_services\ble_hids -I..\..\..\..\..\..\components\ble\ble_services\ble_hrs
 -I..\..\..\..\..\..\components\ble\ble_services\ble_hrs_c -I..\..\..\..\..\..\
components\ble\ble_services\ble_hts -I..\..\..\..\..\..\components\ble\ble_serv
ices\ble_ias -I..\..\..\..\..\..\components\ble\ble_services\ble_ias_c -I..\..\
..\..\..\..\components\ble\ble_services\ble_lbs -I..\..\..\..\..\..\components\
ble\ble_services\ble_lbs_c -I..\..\..\..\..\..\components\ble\ble_services\ble_
lls -I..\..\..\..\..\..\components\ble\ble_services\ble_nus -I..\..\..\..\..\..



ARM Macro Assembler    Page 8 


\components\ble\ble_services\ble_nus_c -I..\..\..\..\..\..\components\ble\ble_s
ervices\ble_rscs -I..\..\..\..\..\..\components\ble\ble_services\ble_rscs_c -I.
.\..\..\..\..\..\components\ble\ble_services\ble_tps -I..\..\..\..\..\..\compon
ents\ble\common -I..\..\..\..\..\..\components\ble\nrf_ble_gatt -I..\..\..\..\.
.\..\components\ble\nrf_ble_qwr -I..\..\..\..\..\..\components\ble\peer_manager
 -I..\..\..\..\..\..\components\boards -I..\..\..\..\..\..\components\libraries
\atomic -I..\..\..\..\..\..\components\libraries\atomic_fifo -I..\..\..\..\..\.
.\components\libraries\atomic_flags -I..\..\..\..\..\..\components\libraries\ba
lloc -I..\..\..\..\..\..\components\libraries\bootloader\ble_dfu -I..\..\..\..\
..\..\components\libraries\bsp -I..\..\..\..\..\..\components\libraries\button 
-I..\..\..\..\..\..\components\libraries\cli -I..\..\..\..\..\..\components\lib
raries\crc16 -I..\..\..\..\..\..\components\libraries\crc32 -I..\..\..\..\..\..
\components\libraries\crypto -I..\..\..\..\..\..\components\libraries\csense -I
..\..\..\..\..\..\components\libraries\csense_drv -I..\..\..\..\..\..\component
s\libraries\delay -I..\..\..\..\..\..\components\libraries\ecc -I..\..\..\..\..
\..\components\libraries\experimental_section_vars -I..\..\..\..\..\..\componen
ts\libraries\experimental_task_manager -I..\..\..\..\..\..\components\libraries
\fds -I..\..\..\..\..\..\components\libraries\fstorage -I..\..\..\..\..\..\comp
onents\libraries\gfx -I..\..\..\..\..\..\components\libraries\gpiote -I..\..\..
\..\..\..\components\libraries\hardfault -I..\..\..\..\..\..\components\librari
es\hci -I..\..\..\..\..\..\components\libraries\led_softblink -I..\..\..\..\..\
..\components\libraries\log -I..\..\..\..\..\..\components\libraries\log\src -I
..\..\..\..\..\..\components\libraries\low_power_pwm -I..\..\..\..\..\..\compon
ents\libraries\mem_manager -I..\..\..\..\..\..\components\libraries\memobj -I..
\..\..\..\..\..\components\libraries\mpu -I..\..\..\..\..\..\components\librari
es\mutex -I..\..\..\..\..\..\components\libraries\pwm -I..\..\..\..\..\..\compo
nents\libraries\pwr_mgmt -I..\..\..\..\..\..\components\libraries\queue -I..\..
\..\..\..\..\components\libraries\ringbuf -I..\..\..\..\..\..\components\librar
ies\scheduler -I..\..\..\..\..\..\components\libraries\sdcard -I..\..\..\..\..\
..\components\libraries\sensorsim -I..\..\..\..\..\..\components\libraries\slip
 -I..\..\..\..\..\..\components\libraries\sortlist -I..\..\..\..\..\..\componen
ts\libraries\spi_mngr -I..\..\..\..\..\..\components\libraries\stack_guard -I..
\..\..\..\..\..\components\libraries\strerror -I..\..\..\..\..\..\components\li
braries\svc -I..\..\..\..\..\..\components\libraries\timer -I..\..\..\..\..\..\
components\libraries\twi_mngr -I..\..\..\..\..\..\components\libraries\twi_sens
or -I..\..\..\..\..\..\components\libraries\usbd -I..\..\..\..\..\..\components
\libraries\usbd\class\audio -I..\..\..\..\..\..\components\libraries\usbd\class
\cdc -I..\..\..\..\..\..\components\libraries\usbd\class\cdc\acm -I..\..\..\..\
..\..\components\libraries\usbd\class\hid -I..\..\..\..\..\..\components\librar
ies\usbd\class\hid\generic -I..\..\..\..\..\..\components\libraries\usbd\class\
hid\kbd -I..\..\..\..\..\..\components\libraries\usbd\class\hid\mouse -I..\..\.
.\..\..\..\components\libraries\usbd\class\msc -I..\..\..\..\..\..\components\l
ibraries\util -I..\..\..\..\..\..\components\nfc\ndef\conn_hand_parser -I..\..\
..\..\..\..\components\nfc\ndef\conn_hand_parser\ac_rec_parser -I..\..\..\..\..
\..\components\nfc\ndef\conn_hand_parser\ble_oob_advdata_parser -I..\..\..\..\.
.\..\components\nfc\ndef\conn_hand_parser\le_oob_rec_parser -I..\..\..\..\..\..
\components\nfc\ndef\connection_handover\ac_rec -I..\..\..\..\..\..\components\
nfc\ndef\connection_handover\ble_oob_advdata -I..\..\..\..\..\..\components\nfc
\ndef\connection_handover\ble_pair_lib -I..\..\..\..\..\..\components\nfc\ndef\
connection_handover\ble_pair_msg -I..\..\..\..\..\..\components\nfc\ndef\connec
tion_handover\common -I..\..\..\..\..\..\components\nfc\ndef\connection_handove
r\ep_oob_rec -I..\..\..\..\..\..\components\nfc\ndef\connection_handover\hs_rec
 -I..\..\..\..\..\..\components\nfc\ndef\connection_handover\le_oob_rec -I..\..
\..\..\..\..\components\nfc\ndef\generic\message -I..\..\..\..\..\..\components
\nfc\ndef\generic\record -I..\..\..\..\..\..\components\nfc\ndef\launchapp -I..
\..\..\..\..\..\components\nfc\ndef\parser\message -I..\..\..\..\..\..\componen
ts\nfc\ndef\parser\record -I..\..\..\..\..\..\components\nfc\ndef\text -I..\..\
..\..\..\..\components\nfc\ndef\uri -I..\..\..\..\..\..\components\nfc\platform
 -I..\..\..\..\..\..\components\nfc\t2t_lib -I..\..\..\..\..\..\components\nfc\



ARM Macro Assembler    Page 9 


t2t_parser -I..\..\..\..\..\..\components\nfc\t4t_lib -I..\..\..\..\..\..\compo
nents\nfc\t4t_parser\apdu -I..\..\..\..\..\..\components\nfc\t4t_parser\cc_file
 -I..\..\..\..\..\..\components\nfc\t4t_parser\hl_detection_procedure -I..\..\.
.\..\..\..\components\nfc\t4t_parser\tlv -I..\..\..\..\..\..\components\softdev
ice\common -I..\..\..\..\..\..\components\softdevice\s132\headers -I..\..\..\..
\..\..\components\softdevice\s132\headers\nrf52 -I..\..\..\..\..\..\external\fp
rintf -I..\..\..\..\..\..\external\segger_rtt -I..\..\..\..\..\..\external\utf_
converter -I..\..\..\..\..\..\integration\nrfx -I..\..\..\..\..\..\integration\
nrfx\legacy -I..\..\..\..\..\..\modules\nrfx -I..\..\..\..\..\..\modules\nrfx\d
rivers\include -I..\..\..\..\..\..\modules\nrfx\hal -I..\config -IC:\Users\ywzs
u\Desktop\folder\mynrf52\examples\ble_peripheral\ble_app_hids_mouse_52810\pca10
040\s132\arm5_no_packs\RTE -ID:\software\keil5\ARM\PACK\ARM\CMSIS\5.6.0\CMSIS\C
ore\Include -ID:\software\keil5\ARM\PACK\NordicSemiconductor\nRF_DeviceFamilyPa
ck\8.32.1\Device\Include -ID:\software\keil5\ARM\PACK\NordicSemiconductor\nRF_D
eviceFamilyPack\8.35.0\Device\Include --predefine="__MICROLIB SETA 1" --predefi
ne="__UVISION_VERSION SETA 518" --predefine="_RTE_ SETA 1" --predefine="NRF5281
0_XXAA SETA 1" --predefine="APP_TIMER_V2 SETA 1" --predefine="APP_TIMER_V2_RTC1
_ENABLED SETA 1" --predefine="BLE_STACK_SUPPORT_REQD SETA 1" --predefine="BOARD
_PCA10040 SETA 1" --predefine="CONFIG_GPIO_AS_PINRESET SETA 1" --predefine="FLO
AT_ABI_HARD SETA 1" --predefine="NRF52 SETA 1" --predefine="NRF52832_XXAA SETA 
1" --predefine="NRF52_PAN_74 SETA 1" --predefine="NRF_SD_BLE_API_VERSION SETA 7
" --predefine="S132 SETA 1" --predefine="SOFTDEVICE_PRESENT SETA 1" --predefine
="__HEAP_SIZE SETA 8192" --predefine="__STACK_SIZE SETA 8192" --cpreproc_opts=-
DAPP_TIMER_V2,-DAPP_TIMER_V2_RTC1_ENABLED,-DBLE_STACK_SUPPORT_REQD,-DBOARD_PCA1
0040,-DCONFIG_GPIO_AS_PINRESET,-DFLOAT_ABI_HARD,-DNRF52,-DNRF52832_XXAA,-DNRF52
_PAN_74,-DNRF_SD_BLE_API_VERSION=7,-DS132,-DSOFTDEVICE_PRESENT,-D__HEAP_SIZE=81
92,-D__STACK_SIZE=8192 --list=.\_build\arm_startup_nrf52810.lst RTE\Device\nRF5
2810_xxAA\arm_startup_nrf52810.s



ARM Macro Assembler    Page 1 Alphabetic symbol ordering
Relocatable symbols

STACK 00000000

Symbol: STACK
   Definitions
      At line 42 in file RTE\Device\nRF52810_xxAA\arm_startup_nrf52810.s
   Uses
      None
Comment: STACK unused
Stack_Mem 00000000

Symbol: Stack_Mem
   Definitions
      At line 43 in file RTE\Device\nRF52810_xxAA\arm_startup_nrf52810.s
   Uses
      None
Comment: Stack_Mem unused
__initial_sp 00002000

Symbol: __initial_sp
   Definitions
      At line 44 in file RTE\Device\nRF52810_xxAA\arm_startup_nrf52810.s
   Uses
      At line 69 in file RTE\Device\nRF52810_xxAA\arm_startup_nrf52810.s
      At line 352 in file RTE\Device\nRF52810_xxAA\arm_startup_nrf52810.s

3 symbols



ARM Macro Assembler    Page 1 Alphabetic symbol ordering
Relocatable symbols

HEAP 00000000

Symbol: HEAP
   Definitions
      At line 54 in file RTE\Device\nRF52810_xxAA\arm_startup_nrf52810.s
   Uses
      None
Comment: HEAP unused
Heap_Mem 00000000

Symbol: Heap_Mem
   Definitions
      At line 56 in file RTE\Device\nRF52810_xxAA\arm_startup_nrf52810.s
   Uses
      None
Comment: Heap_Mem unused
__heap_base 00000000

Symbol: __heap_base
   Definitions
      At line 55 in file RTE\Device\nRF52810_xxAA\arm_startup_nrf52810.s
   Uses
      At line 353 in file RTE\Device\nRF52810_xxAA\arm_startup_nrf52810.s
Comment: __heap_base used once
__heap_limit 00002000

Symbol: __heap_limit
   Definitions
      At line 57 in file RTE\Device\nRF52810_xxAA\arm_startup_nrf52810.s
   Uses
      At line 354 in file RTE\Device\nRF52810_xxAA\arm_startup_nrf52810.s
Comment: __heap_limit used once
4 symbols



ARM Macro Assembler    Page 1 Alphabetic symbol ordering
Relocatable symbols

RESET 00000000

Symbol: RESET
   Definitions
      At line 64 in file RTE\Device\nRF52810_xxAA\arm_startup_nrf52810.s
   Uses
      None
Comment: RESET unused
__Vectors 00000000

Symbol: __Vectors
   Definitions
      At line 69 in file RTE\Device\nRF52810_xxAA\arm_startup_nrf52810.s
   Uses
      At line 65 in file RTE\Device\nRF52810_xxAA\arm_startup_nrf52810.s
      At line 202 in file RTE\Device\nRF52810_xxAA\arm_startup_nrf52810.s

__Vectors_End 00000200

Symbol: __Vectors_End
   Definitions
      At line 200 in file RTE\Device\nRF52810_xxAA\arm_startup_nrf52810.s
   Uses
      At line 66 in file RTE\Device\nRF52810_xxAA\arm_startup_nrf52810.s
      At line 202 in file RTE\Device\nRF52810_xxAA\arm_startup_nrf52810.s

3 symbols



ARM Macro Assembler    Page 1 Alphabetic symbol ordering
Relocatable symbols

.text 00000000

Symbol: .text
   Definitions
      At line 204 in file RTE\Device\nRF52810_xxAA\arm_startup_nrf52810.s
   Uses
      None
Comment: .text unused
BusFault_Handler 00000030

Symbol: BusFault_Handler
   Definitions
      At line 261 in file RTE\Device\nRF52810_xxAA\arm_startup_nrf52810.s
   Uses
      At line 74 in file RTE\Device\nRF52810_xxAA\arm_startup_nrf52810.s
      At line 262 in file RTE\Device\nRF52810_xxAA\arm_startup_nrf52810.s

CCM_AAR_IRQHandler 0000003C

Symbol: CCM_AAR_IRQHandler
   Definitions
      At line 331 in file RTE\Device\nRF52810_xxAA\arm_startup_nrf52810.s
   Uses
      At line 102 in file RTE\Device\nRF52810_xxAA\arm_startup_nrf52810.s
      At line 304 in file RTE\Device\nRF52810_xxAA\arm_startup_nrf52810.s

COMP_IRQHandler 0000003C

Symbol: COMP_IRQHandler
   Definitions
      At line 335 in file RTE\Device\nRF52810_xxAA\arm_startup_nrf52810.s
   Uses
      At line 106 in file RTE\Device\nRF52810_xxAA\arm_startup_nrf52810.s
      At line 308 in file RTE\Device\nRF52810_xxAA\arm_startup_nrf52810.s

DebugMon_Handler 00000036

Symbol: DebugMon_Handler
   Definitions
      At line 275 in file RTE\Device\nRF52810_xxAA\arm_startup_nrf52810.s
   Uses
      At line 81 in file RTE\Device\nRF52810_xxAA\arm_startup_nrf52810.s
      At line 276 in file RTE\Device\nRF52810_xxAA\arm_startup_nrf52810.s

Default_Handler 0000003C

Symbol: Default_Handler
   Definitions
      At line 288 in file RTE\Device\nRF52810_xxAA\arm_startup_nrf52810.s
   Uses
      None
Comment: Default_Handler unused
ECB_IRQHandler 0000003C

Symbol: ECB_IRQHandler
   Definitions
      At line 330 in file RTE\Device\nRF52810_xxAA\arm_startup_nrf52810.s
   Uses
      At line 101 in file RTE\Device\nRF52810_xxAA\arm_startup_nrf52810.s



ARM Macro Assembler    Page 2 Alphabetic symbol ordering
Relocatable symbols

      At line 303 in file RTE\Device\nRF52810_xxAA\arm_startup_nrf52810.s

GPIOTE_IRQHandler 0000003C

Symbol: GPIOTE_IRQHandler
   Definitions
      At line 322 in file RTE\Device\nRF52810_xxAA\arm_startup_nrf52810.s
   Uses
      At line 93 in file RTE\Device\nRF52810_xxAA\arm_startup_nrf52810.s
      At line 295 in file RTE\Device\nRF52810_xxAA\arm_startup_nrf52810.s

HardFault_Handler 0000002C

Symbol: HardFault_Handler
   Definitions
      At line 251 in file RTE\Device\nRF52810_xxAA\arm_startup_nrf52810.s
   Uses
      At line 72 in file RTE\Device\nRF52810_xxAA\arm_startup_nrf52810.s
      At line 252 in file RTE\Device\nRF52810_xxAA\arm_startup_nrf52810.s

MemoryManagement_Handler 0000002E

Symbol: MemoryManagement_Handler
   Definitions
      At line 256 in file RTE\Device\nRF52810_xxAA\arm_startup_nrf52810.s
   Uses
      At line 73 in file RTE\Device\nRF52810_xxAA\arm_startup_nrf52810.s
      At line 257 in file RTE\Device\nRF52810_xxAA\arm_startup_nrf52810.s

NMI_Handler 0000002A

Symbol: NMI_Handler
   Definitions
      At line 246 in file RTE\Device\nRF52810_xxAA\arm_startup_nrf52810.s
   Uses
      At line 71 in file RTE\Device\nRF52810_xxAA\arm_startup_nrf52810.s
      At line 247 in file RTE\Device\nRF52810_xxAA\arm_startup_nrf52810.s

PDM_IRQHandler 0000003C

Symbol: PDM_IRQHandler
   Definitions
      At line 343 in file RTE\Device\nRF52810_xxAA\arm_startup_nrf52810.s
   Uses
      At line 116 in file RTE\Device\nRF52810_xxAA\arm_startup_nrf52810.s
      At line 316 in file RTE\Device\nRF52810_xxAA\arm_startup_nrf52810.s

POWER_CLOCK_IRQHandler 0000003C

Symbol: POWER_CLOCK_IRQHandler
   Definitions
      At line 317 in file RTE\Device\nRF52810_xxAA\arm_startup_nrf52810.s
   Uses
      At line 87 in file RTE\Device\nRF52810_xxAA\arm_startup_nrf52810.s
      At line 290 in file RTE\Device\nRF52810_xxAA\arm_startup_nrf52810.s

PWM0_IRQHandler 0000003C

Symbol: PWM0_IRQHandler



ARM Macro Assembler    Page 3 Alphabetic symbol ordering
Relocatable symbols

   Definitions
      At line 342 in file RTE\Device\nRF52810_xxAA\arm_startup_nrf52810.s
   Uses
      At line 115 in file RTE\Device\nRF52810_xxAA\arm_startup_nrf52810.s
      At line 315 in file RTE\Device\nRF52810_xxAA\arm_startup_nrf52810.s

PendSV_Handler 00000038

Symbol: PendSV_Handler
   Definitions
      At line 279 in file RTE\Device\nRF52810_xxAA\arm_startup_nrf52810.s
   Uses
      At line 83 in file RTE\Device\nRF52810_xxAA\arm_startup_nrf52810.s
      At line 280 in file RTE\Device\nRF52810_xxAA\arm_startup_nrf52810.s

QDEC_IRQHandler 0000003C

Symbol: QDEC_IRQHandler
   Definitions
      At line 334 in file RTE\Device\nRF52810_xxAA\arm_startup_nrf52810.s
   Uses
      At line 105 in file RTE\Device\nRF52810_xxAA\arm_startup_nrf52810.s
      At line 307 in file RTE\Device\nRF52810_xxAA\arm_startup_nrf52810.s

RADIO_IRQHandler 0000003C

Symbol: RADIO_IRQHandler
   Definitions
      At line 318 in file RTE\Device\nRF52810_xxAA\arm_startup_nrf52810.s
   Uses
      At line 88 in file RTE\Device\nRF52810_xxAA\arm_startup_nrf52810.s
      At line 291 in file RTE\Device\nRF52810_xxAA\arm_startup_nrf52810.s

RNG_IRQHandler 0000003C

Symbol: RNG_IRQHandler
   Definitions
      At line 329 in file RTE\Device\nRF52810_xxAA\arm_startup_nrf52810.s
   Uses
      At line 100 in file RTE\Device\nRF52810_xxAA\arm_startup_nrf52810.s
      At line 302 in file RTE\Device\nRF52810_xxAA\arm_startup_nrf52810.s

RTC0_IRQHandler 0000003C

Symbol: RTC0_IRQHandler
   Definitions
      At line 327 in file RTE\Device\nRF52810_xxAA\arm_startup_nrf52810.s
   Uses
      At line 98 in file RTE\Device\nRF52810_xxAA\arm_startup_nrf52810.s
      At line 300 in file RTE\Device\nRF52810_xxAA\arm_startup_nrf52810.s

RTC1_IRQHandler 0000003C

Symbol: RTC1_IRQHandler
   Definitions
      At line 333 in file RTE\Device\nRF52810_xxAA\arm_startup_nrf52810.s
   Uses
      At line 104 in file RTE\Device\nRF52810_xxAA\arm_startup_nrf52810.s
      At line 306 in file RTE\Device\nRF52810_xxAA\arm_startup_nrf52810.s



ARM Macro Assembler    Page 4 Alphabetic symbol ordering
Relocatable symbols


Reset_Handler 00000000

Symbol: Reset_Handler
   Definitions
      At line 209 in file RTE\Device\nRF52810_xxAA\arm_startup_nrf52810.s
   Uses
      At line 70 in file RTE\Device\nRF52810_xxAA\arm_startup_nrf52810.s
      At line 210 in file RTE\Device\nRF52810_xxAA\arm_startup_nrf52810.s

SAADC_IRQHandler 0000003C

Symbol: SAADC_IRQHandler
   Definitions
      At line 323 in file RTE\Device\nRF52810_xxAA\arm_startup_nrf52810.s
   Uses
      At line 94 in file RTE\Device\nRF52810_xxAA\arm_startup_nrf52810.s
      At line 296 in file RTE\Device\nRF52810_xxAA\arm_startup_nrf52810.s

SPIM0_SPIS0_SPI0_IRQHandler 0000003C

Symbol: SPIM0_SPIS0_SPI0_IRQHandler
   Definitions
      At line 321 in file RTE\Device\nRF52810_xxAA\arm_startup_nrf52810.s
   Uses
      At line 91 in file RTE\Device\nRF52810_xxAA\arm_startup_nrf52810.s
      At line 294 in file RTE\Device\nRF52810_xxAA\arm_startup_nrf52810.s

SVC_Handler 00000034

Symbol: SVC_Handler
   Definitions
      At line 270 in file RTE\Device\nRF52810_xxAA\arm_startup_nrf52810.s
   Uses
      At line 80 in file RTE\Device\nRF52810_xxAA\arm_startup_nrf52810.s
      At line 271 in file RTE\Device\nRF52810_xxAA\arm_startup_nrf52810.s

SWI0_EGU0_IRQHandler 0000003C

Symbol: SWI0_EGU0_IRQHandler
   Definitions
      At line 336 in file RTE\Device\nRF52810_xxAA\arm_startup_nrf52810.s
   Uses
      At line 107 in file RTE\Device\nRF52810_xxAA\arm_startup_nrf52810.s
      At line 309 in file RTE\Device\nRF52810_xxAA\arm_startup_nrf52810.s

SWI1_EGU1_IRQHandler 0000003C

Symbol: SWI1_EGU1_IRQHandler
   Definitions
      At line 337 in file RTE\Device\nRF52810_xxAA\arm_startup_nrf52810.s
   Uses
      At line 108 in file RTE\Device\nRF52810_xxAA\arm_startup_nrf52810.s
      At line 310 in file RTE\Device\nRF52810_xxAA\arm_startup_nrf52810.s

SWI2_IRQHandler 0000003C

Symbol: SWI2_IRQHandler
   Definitions



ARM Macro Assembler    Page 5 Alphabetic symbol ordering
Relocatable symbols

      At line 338 in file RTE\Device\nRF52810_xxAA\arm_startup_nrf52810.s
   Uses
      At line 109 in file RTE\Device\nRF52810_xxAA\arm_startup_nrf52810.s
      At line 311 in file RTE\Device\nRF52810_xxAA\arm_startup_nrf52810.s

SWI3_IRQHandler 0000003C

Symbol: SWI3_IRQHandler
   Definitions
      At line 339 in file RTE\Device\nRF52810_xxAA\arm_startup_nrf52810.s
   Uses
      At line 110 in file RTE\Device\nRF52810_xxAA\arm_startup_nrf52810.s
      At line 312 in file RTE\Device\nRF52810_xxAA\arm_startup_nrf52810.s

SWI4_IRQHandler 0000003C

Symbol: SWI4_IRQHandler
   Definitions
      At line 340 in file RTE\Device\nRF52810_xxAA\arm_startup_nrf52810.s
   Uses
      At line 111 in file RTE\Device\nRF52810_xxAA\arm_startup_nrf52810.s
      At line 313 in file RTE\Device\nRF52810_xxAA\arm_startup_nrf52810.s

SWI5_IRQHandler 0000003C

Symbol: SWI5_IRQHandler
   Definitions
      At line 341 in file RTE\Device\nRF52810_xxAA\arm_startup_nrf52810.s
   Uses
      At line 112 in file RTE\Device\nRF52810_xxAA\arm_startup_nrf52810.s
      At line 314 in file RTE\Device\nRF52810_xxAA\arm_startup_nrf52810.s

SysTick_Handler 0000003A

Symbol: SysTick_Handler
   Definitions
      At line 283 in file RTE\Device\nRF52810_xxAA\arm_startup_nrf52810.s
   Uses
      At line 84 in file RTE\Device\nRF52810_xxAA\arm_startup_nrf52810.s
      At line 284 in file RTE\Device\nRF52810_xxAA\arm_startup_nrf52810.s

TEMP_IRQHandler 0000003C

Symbol: TEMP_IRQHandler
   Definitions
      At line 328 in file RTE\Device\nRF52810_xxAA\arm_startup_nrf52810.s
   Uses
      At line 99 in file RTE\Device\nRF52810_xxAA\arm_startup_nrf52810.s
      At line 301 in file RTE\Device\nRF52810_xxAA\arm_startup_nrf52810.s

TIMER0_IRQHandler 0000003C

Symbol: TIMER0_IRQHandler
   Definitions
      At line 324 in file RTE\Device\nRF52810_xxAA\arm_startup_nrf52810.s
   Uses
      At line 95 in file RTE\Device\nRF52810_xxAA\arm_startup_nrf52810.s
      At line 297 in file RTE\Device\nRF52810_xxAA\arm_startup_nrf52810.s




ARM Macro Assembler    Page 6 Alphabetic symbol ordering
Relocatable symbols

TIMER1_IRQHandler 0000003C

Symbol: TIMER1_IRQHandler
   Definitions
      At line 325 in file RTE\Device\nRF52810_xxAA\arm_startup_nrf52810.s
   Uses
      At line 96 in file RTE\Device\nRF52810_xxAA\arm_startup_nrf52810.s
      At line 298 in file RTE\Device\nRF52810_xxAA\arm_startup_nrf52810.s

TIMER2_IRQHandler 0000003C

Symbol: TIMER2_IRQHandler
   Definitions
      At line 326 in file RTE\Device\nRF52810_xxAA\arm_startup_nrf52810.s
   Uses
      At line 97 in file RTE\Device\nRF52810_xxAA\arm_startup_nrf52810.s
      At line 299 in file RTE\Device\nRF52810_xxAA\arm_startup_nrf52810.s

TWIM0_TWIS0_TWI0_IRQHandler 0000003C

Symbol: TWIM0_TWIS0_TWI0_IRQHandler
   Definitions
      At line 320 in file RTE\Device\nRF52810_xxAA\arm_startup_nrf52810.s
   Uses
      At line 90 in file RTE\Device\nRF52810_xxAA\arm_startup_nrf52810.s
      At line 293 in file RTE\Device\nRF52810_xxAA\arm_startup_nrf52810.s

UARTE0_UART0_IRQHandler 0000003C

Symbol: UARTE0_UART0_IRQHandler
   Definitions
      At line 319 in file RTE\Device\nRF52810_xxAA\arm_startup_nrf52810.s
   Uses
      At line 89 in file RTE\Device\nRF52810_xxAA\arm_startup_nrf52810.s
      At line 292 in file RTE\Device\nRF52810_xxAA\arm_startup_nrf52810.s

UsageFault_Handler 00000032

Symbol: UsageFault_Handler
   Definitions
      At line 266 in file RTE\Device\nRF52810_xxAA\arm_startup_nrf52810.s
   Uses
      At line 75 in file RTE\Device\nRF52810_xxAA\arm_startup_nrf52810.s
      At line 267 in file RTE\Device\nRF52810_xxAA\arm_startup_nrf52810.s

WDT_IRQHandler 0000003C

Symbol: WDT_IRQHandler
   Definitions
      At line 332 in file RTE\Device\nRF52810_xxAA\arm_startup_nrf52810.s
   Uses
      At line 103 in file RTE\Device\nRF52810_xxAA\arm_startup_nrf52810.s
      At line 305 in file RTE\Device\nRF52810_xxAA\arm_startup_nrf52810.s

skip 00000022

Symbol: skip
   Definitions
      At line 236 in file RTE\Device\nRF52810_xxAA\arm_startup_nrf52810.s



ARM Macro Assembler    Page 7 Alphabetic symbol ordering
Relocatable symbols

   Uses
      At line 224 in file RTE\Device\nRF52810_xxAA\arm_startup_nrf52810.s
      At line 226 in file RTE\Device\nRF52810_xxAA\arm_startup_nrf52810.s

40 symbols



ARM Macro Assembler    Page 1 Alphabetic symbol ordering
Absolute symbols

Heap_Size 00002000

Symbol: Heap_Size
   Definitions
      At line 49 in file RTE\Device\nRF52810_xxAA\arm_startup_nrf52810.s
   Uses
      At line 56 in file RTE\Device\nRF52810_xxAA\arm_startup_nrf52810.s
Comment: Heap_Size used once
Stack_Align 00000003

Symbol: Stack_Align
   Definitions
      At line 39 in file RTE\Device\nRF52810_xxAA\arm_startup_nrf52810.s
   Uses
      At line 42 in file RTE\Device\nRF52810_xxAA\arm_startup_nrf52810.s
Comment: Stack_Align used once
Stack_Size 00002000

Symbol: Stack_Size
   Definitions
      At line 31 in file RTE\Device\nRF52810_xxAA\arm_startup_nrf52810.s
   Uses
      At line 43 in file RTE\Device\nRF52810_xxAA\arm_startup_nrf52810.s
Comment: Stack_Size used once
__Vectors_Size 00000200

Symbol: __Vectors_Size
   Definitions
      At line 202 in file RTE\Device\nRF52810_xxAA\arm_startup_nrf52810.s
   Uses
      At line 67 in file RTE\Device\nRF52810_xxAA\arm_startup_nrf52810.s
Comment: __Vectors_Size used once
4 symbols



ARM Macro Assembler    Page 1 Alphabetic symbol ordering
External symbols

SystemInit 00000000

Symbol: SystemInit
   Definitions
      At line 211 in file RTE\Device\nRF52810_xxAA\arm_startup_nrf52810.s
   Uses
      At line 238 in file RTE\Device\nRF52810_xxAA\arm_startup_nrf52810.s
Comment: SystemInit used once
__main 00000000

Symbol: __main
   Definitions
      At line 212 in file RTE\Device\nRF52810_xxAA\arm_startup_nrf52810.s
   Uses
      At line 240 in file RTE\Device\nRF52810_xxAA\arm_startup_nrf52810.s
Comment: __main used once
2 symbols
414 symbols in table
